<?xml version="1.0" encoding="UTF-8"?>
<!-- Generated by org.testng.reporters.JUnitReportReporter -->
<testsuite skipped="0" hostname="LAPTOP-PLBTIQVB" name="com.facebook.tests.FacebookRegister" tests="3" failures="0" timestamp="26 Jan 2021 12:36:46 GMT" time="55.501" errors="0">
  <testcase name="FacebookRegisterTest1" time="18.978" classname="com.facebook.tests.FacebookRegister"/>
  <testcase name="FacebookRegisterTest3" time="18.229" classname="com.facebook.tests.FacebookRegister"/>
  <testcase name="FacebookRegisterTest2" time="18.294" classname="com.facebook.tests.FacebookRegister"/>
</testsuite> <!-- com.facebook.tests.FacebookRegister -->
